2026-06-10T05:06:24+00:00 ERROR Automattic\WooCommerce\GoogleListingsAndAds\API\Google\MerchantPriceBenchmarks::get_price_comparisons_data <html>
<head><title>504 Gateway Time-out</title></head>
<body>
<center><h1>504 Gateway Time-out</h1></center>
<hr><center>nginx</center>
</body>
</html>
2026-06-10T05:06:24+00:00 DEBUG Automattic\WooCommerce\GoogleListingsAndAds\MerchantCenter\PriceBenchmarks::update_price_benchmarks Unable to retrieve price benchmark data
2026-06-10T13:21:14+00:00 DEBUG Automattic\WooCommerce\GoogleListingsAndAds\MerchantCenter\MerchantStatuses::process_product_statuses Merchant Center product 17058 not found in this WooCommerce store.
2026-06-10T13:21:26+00:00 DEBUG Automattic\WooCommerce\GoogleListingsAndAds\MerchantCenter\MerchantStatuses::get_product_issues in remove_invalid_statuses() Merchant Center product online:en:GB:17058 not found in this WooCommerce store.
2026-06-10T17:06:43+00:00 ERROR Automattic\WooCommerce\GoogleListingsAndAds\API\Google\MerchantPriceBenchmarks::get_price_comparisons_data {
  "error": {
    "code": 400,
    "message": "Market Insights is not enabled for account 5772175936.",
    "errors": [
      {
        "message": "Market Insights is not enabled for account 5772175936.",
        "domain": "global",
        "reason": "failedPrecondition"
      }
    ],
    "status": "FAILED_PRECONDITION",
    "details": [
      {
        "@type": "type.googleapis.com/google.rpc.ErrorInfo",
        "reason": "conditionNotMet",
        "domain": "global"
      }
    ]
  }
}
2026-06-10T17:06:43+00:00 DEBUG Automattic\WooCommerce\GoogleListingsAndAds\MerchantCenter\PriceBenchmarks::update_price_benchmarks Unable to retrieve price benchmark data
