2026-06-14T05:25:22+00:00 ERROR Automattic\WooCommerce\GoogleListingsAndAds\API\Google\MerchantPriceBenchmarks::get_price_comparisons_data {
  "error": {
    "code": 400,
    "message": "Market Insights is not enabled for account 5772175936.",
    "errors": [
      {
        "message": "Market Insights is not enabled for account 5772175936.",
        "domain": "global",
        "reason": "failedPrecondition"
      }
    ],
    "status": "FAILED_PRECONDITION",
    "details": [
      {
        "@type": "type.googleapis.com/google.rpc.ErrorInfo",
        "reason": "conditionNotMet",
        "domain": "global"
      }
    ]
  }
}
2026-06-14T05:25:22+00:00 DEBUG Automattic\WooCommerce\GoogleListingsAndAds\MerchantCenter\PriceBenchmarks::update_price_benchmarks Unable to retrieve price benchmark data
2026-06-14T13:24:33+00:00 DEBUG Automattic\WooCommerce\GoogleListingsAndAds\MerchantCenter\MerchantStatuses::process_product_statuses Merchant Center product 17058 not found in this WooCommerce store.
2026-06-14T13:24:33+00:00 DEBUG Automattic\WooCommerce\GoogleListingsAndAds\MerchantCenter\MerchantStatuses::get_product_issues in remove_invalid_statuses() Merchant Center product online:en:GB:17058 not found in this WooCommerce store.
2026-06-14T17:26:18+00:00 ERROR Automattic\WooCommerce\GoogleListingsAndAds\API\Google\MerchantPriceBenchmarks::get_price_comparisons_data {
  "error": {
    "code": 400,
    "message": "Market Insights is not enabled for account 5772175936.",
    "errors": [
      {
        "message": "Market Insights is not enabled for account 5772175936.",
        "domain": "global",
        "reason": "failedPrecondition"
      }
    ],
    "status": "FAILED_PRECONDITION",
    "details": [
      {
        "@type": "type.googleapis.com/google.rpc.ErrorInfo",
        "reason": "conditionNotMet",
        "domain": "global"
      }
    ]
  }
}
2026-06-14T17:26:18+00:00 DEBUG Automattic\WooCommerce\GoogleListingsAndAds\MerchantCenter\PriceBenchmarks::update_price_benchmarks Unable to retrieve price benchmark data
2026-06-14T17:28:46+00:00 DEBUG Automattic\WooCommerce\GoogleListingsAndAds\Product\WCProductAdapter::map_product_categories Product category (ID: 19111): ["BRAGDROP"].
2026-06-14T17:28:46+00:00 DEBUG Automattic\WooCommerce\GoogleListingsAndAds\Product\WCProductAdapter::map_product_categories Product category (ID: 19038): ["BRAGDROP","Home &amp; Living","Brags Everyday > Household Essentials","Home &amp; Living > Other Home &amp; Living"].
2026-06-14T17:28:46+00:00 DEBUG Automattic\WooCommerce\GoogleListingsAndAds\Product\WCProductAdapter::map_product_categories Product category (ID: 18701): ["Brags Everyday"].
2026-06-14T17:28:46+00:00 DEBUG Automattic\WooCommerce\GoogleListingsAndAds\Product\WCProductAdapter::map_product_categories Product category (ID: 18500): ["Home &amp; Living > Kitchenware"].
2026-06-14T17:28:46+00:00 DEBUG Automattic\WooCommerce\GoogleListingsAndAds\Product\WCProductAdapter::map_product_categories Product category (ID: 17058): ["Selling Plans"].
2026-06-14T17:28:46+00:00 DEBUG Automattic\WooCommerce\GoogleListingsAndAds\Product\WCProductAdapter::map_product_categories Product category (ID: 15845): ["Selling Plans"].
2026-06-14T17:28:46+00:00 DEBUG Automattic\WooCommerce\GoogleListingsAndAds\Product\WCProductAdapter::map_product_categories Product category (ID: 15843): ["Selling Plans"].
2026-06-14T17:28:48+00:00 DEBUG Automattic\WooCommerce\GoogleListingsAndAds\Product\WCProductAdapter::map_product_categories Product category (ID: 19111): ["BRAGDROP"].
2026-06-14T17:28:48+00:00 DEBUG Automattic\WooCommerce\GoogleListingsAndAds\Product\WCProductAdapter::map_product_categories Product category (ID: 19038): ["BRAGDROP","Home &amp; Living","Brags Everyday > Household Essentials","Home &amp; Living > Other Home &amp; Living"].
2026-06-14T17:28:48+00:00 DEBUG Automattic\WooCommerce\GoogleListingsAndAds\Product\WCProductAdapter::map_product_categories Product category (ID: 18701): ["Brags Everyday"].
2026-06-14T17:28:48+00:00 DEBUG Automattic\WooCommerce\GoogleListingsAndAds\Product\WCProductAdapter::map_product_categories Product category (ID: 18500): ["Home &amp; Living > Kitchenware"].
2026-06-14T17:28:48+00:00 DEBUG Automattic\WooCommerce\GoogleListingsAndAds\Product\WCProductAdapter::map_product_categories Product category (ID: 17058): ["Selling Plans"].
2026-06-14T17:28:48+00:00 DEBUG Automattic\WooCommerce\GoogleListingsAndAds\Product\WCProductAdapter::map_product_categories Product category (ID: 15845): ["Selling Plans"].
2026-06-14T17:28:48+00:00 DEBUG Automattic\WooCommerce\GoogleListingsAndAds\Product\WCProductAdapter::map_product_categories Product category (ID: 15843): ["Selling Plans"].
2026-06-14T17:29:20+00:00 DEBUG Automattic\WooCommerce\GoogleListingsAndAds\Product\WCProductAdapter::map_product_categories Product category (ID: 19111): ["BRAGDROP"].
2026-06-14T17:29:20+00:00 DEBUG Automattic\WooCommerce\GoogleListingsAndAds\Product\BatchProductHelper::validate_and_generate_update_request_entries Skipping product (ID: 19111) because it does not pass validation: {"woocommerce_id":19111,"errors":["[description] This value should not be blank."]}
2026-06-14T17:37:32+00:00 DEBUG Automattic\WooCommerce\GoogleListingsAndAds\Product\WCProductAdapter::map_product_categories Product category (ID: 19119): ["BRAGDROP","Gifts > Gifts For Dad","Gifts > Gifts For Gran","Gifts > Gifts For Grandad","Gifts > Gifts For Her","Gifts > Gifts for Him","Gifts > Gifts For Mum","Books &amp; Learning > Other Books &amp; Learning"].
2026-06-14T17:37:32+00:00 DEBUG Automattic\WooCommerce\GoogleListingsAndAds\Product\BatchProductHelper::validate_and_generate_update_request_entries Skipping product (ID: 19119) because it does not pass validation: {"woocommerce_id":19119,"errors":["[price] This value should not be null."]}
2026-06-14T17:40:12+00:00 DEBUG Automattic\WooCommerce\GoogleListingsAndAds\Product\WCProductAdapter::map_product_categories Product category (ID: 19119): ["BRAGDROP","Gifts > Gifts For Dad","Gifts > Gifts For Gran","Gifts > Gifts For Grandad","Gifts > Gifts For Her","Gifts > Gifts for Him","Gifts > Gifts For Mum","Books &amp; Learning > Other Books &amp; Learning"].
2026-06-14T17:40:12+00:00 DEBUG Automattic\WooCommerce\GoogleListingsAndAds\Product\BatchProductHelper::validate_and_generate_update_request_entries Skipping product (ID: 19119) because it does not pass validation: {"woocommerce_id":19119,"errors":["[price] This value should not be null."]}
2026-06-14T17:42:10+00:00 DEBUG Automattic\WooCommerce\GoogleListingsAndAds\Product\WCProductAdapter::map_product_categories Product category (ID: 19119): ["BRAGDROP","Gifts > Gifts For Dad","Gifts > Gifts For Gran","Gifts > Gifts For Grandad","Gifts > Gifts For Her","Gifts > Gifts for Him","Gifts > Gifts For Mum","Books &amp; Learning > Other Books &amp; Learning"].
2026-06-14T17:42:10+00:00 DEBUG Automattic\WooCommerce\GoogleListingsAndAds\Product\BatchProductHelper::validate_and_generate_update_request_entries Skipping product (ID: 19119) because it does not pass validation: {"woocommerce_id":19119,"errors":["[price] This value should not be null."]}
2026-06-14T17:45:24+00:00 DEBUG Automattic\WooCommerce\GoogleListingsAndAds\Product\WCProductAdapter::map_product_categories Product category (ID: 19119): ["BRAGDROP","Gifts > Gifts For Dad","Gifts > Gifts For Gran","Gifts > Gifts For Grandad","Gifts > Gifts For Her","Gifts > Gifts for Him","Gifts > Gifts For Mum","Books &amp; Learning > Other Books &amp; Learning"].
2026-06-14T17:45:24+00:00 DEBUG Automattic\WooCommerce\GoogleListingsAndAds\Product\BatchProductHelper::validate_and_generate_update_request_entries Skipping product (ID: 19119) because it does not pass validation: {"woocommerce_id":19119,"errors":["[price] This value should not be null."]}
2026-06-14T17:48:12+00:00 DEBUG Automattic\WooCommerce\GoogleListingsAndAds\Product\WCProductAdapter::map_product_categories Product category (ID: 19119): ["BRAGDROP","Gifts > Gifts For Dad","Gifts > Gifts For Gran","Gifts > Gifts For Grandad","Gifts > Gifts For Her","Gifts > Gifts for Him","Gifts > Gifts For Mum","Books &amp; Learning > Other Books &amp; Learning"].
2026-06-14T17:48:12+00:00 DEBUG Automattic\WooCommerce\GoogleListingsAndAds\Product\BatchProductHelper::validate_and_generate_update_request_entries Skipping product (ID: 19119) because it does not pass validation: {"woocommerce_id":19119,"errors":["[price] This value should not be null."]}
